My40Prototype/app/build/intermediates/manifest_merge_blame_file/debug/manifest-merger-blame-debug-report.txt
1<?xml version="1.0" encoding="utf-8"?>
2<manifest xmlns:android="http://schemas.android.com/apk/res/android"
3    package="com.example.my40prototype"
4    android:versionCode="1"
5    android:versionName="1.0" >
6    <!--
7application tools:ignore="ExtraText">
8        android:allowBackup="true"
9        android:icon="@mipmap/ic_launcher"
10        android:label="@string/app_name"
11        android:roundIcon="@mipmap/ic_launcher_round"
12        android:supportsRtl="true"
13        android:theme="@style/AppTheme">
14        <activity android:name=".TimingScreen"></activity>
15        <activity
16            android:name=".MainScreen"
17            android:label="@string/title_activity_main_screen"
18            android:theme="@style/AppTheme.NoActionBar" />
19
20        <meta-data
21            android:name="preloaded_fonts"
22            android:resource="@array/preloaded_fonts" />
23
24        <activity android:name=".FrontPage">
25            <intent-filter>
26                <action android:name="android.intent.action.MAIN" />
27                <action android:name="android.intent.category.LAUNCHER" />
28            </intent-filter>
29        </activity>
30    </application
31    -->
32    <uses-sdk
33        android:minSdkVersion="15"
33-->src\main\AndroidManifest.xml
34        android:targetSdkVersion="29" />
34-->src\main\AndroidManifest.xml
35
36    <uses-permission android:name="android.permission.BLUETOOTH_ADMIN" />
36-->src\main\AndroidManifest.xml:5:5-74
36-->src\main\AndroidManifest.xml:5:22-71
37    <uses-permission android:name="android.permission.BLUETOOTH" />
37-->src\main\AndroidManifest.xml:6:5-68
37-->src\main\AndroidManifest.xml:6:22-65
38
39    <application
39-->[androidx.core:core:1.0.1] AndroidManifest.xml:22:5-89
40        android:appComponentFactory="androidx.core.app.CoreComponentFactory"
40-->[androidx.core:core:1.0.1] AndroidManifest.xml:22:18-86
41        android:debuggable="true" />
42
43</manifest>